# JRE version: OpenJDK Runtime Environment Temurin-17.0.3+7 (17.0.3+7) (build 17.0.3+7)
# Java VM: OpenJDK 64-Bit Server VM Temurin-17.0.3+7 (17.0.3+7, mixed mode, tiered, compressed oops, compressed class ptrs, g1 gc, windows-amd64)
GC Precious Log:
 CPUs: 8 total, 8 available
 Memory: 16183M
 Large Page Support: Disabled
 NUMA Support: Disabled
 Compressed Oops: Enabled (Zero based)
 Heap Region Size: 2M
 Heap Min Capacity: 8M
 Heap Initial Capacity: 254M
 Heap Max Capacity: 4046M
 Pre-touch: Disabled
 Parallel Workers: 8
 Concurrent Workers: 2
 Concurrent Refinement Workers: 8
 Periodic GC: Disabled
Heap:
 garbage-first heap   total 108544K, used 57659K [0x0000000703200000, 0x0000000800000000)
  region size 2048K, 3 young (6144K), 2 survivors (4096K)
 Metaspace       used 56362K, committed 56640K, reserved 1105920K
  class space    used 6379K, committed 6528K, reserved 1048576K
GC Heap History (20 events):
Event: 8.448 GC heap before
{Heap before GC invocations=16 (full 0):
 garbage-first heap   total 69632K, used 54192K [0x0000000703200000, 0x0000000800000000)
  region size 2048K, 10 young (20480K), 1 survivors (2048K)
 Metaspace       used 49088K, committed 49344K, reserved 1097728K
  class space    used 5836K, committed 5952K, reserved 1048576K
}
Event: 8.450 GC heap after
{Heap after GC invocations=17 (full 0):
 garbage-first heap   total 69632K, used 36829K [0x0000000703200000, 0x0000000800000000)
  region size 2048K, 2 young (4096K), 2 survivors (4096K)
 Metaspace       used 49088K, committed 49344K, reserved 1097728K
  class space    used 5836K, committed 5952K, reserved 1048576K
}
Event: 8.752 GC heap before
{Heap before GC invocations=17 (full 0):
 garbage-first heap   total 69632K, used 53213K [0x0000000703200000, 0x0000000800000000)
  region size 2048K, 10 young (20480K), 2 survivors (4096K)
 Metaspace       used 51181K, committed 51456K, reserved 1097728K
  class space    used 6053K, committed 6144K, reserved 1048576K
}
Event: 8.754 GC heap after
{Heap after GC invocations=18 (full 0):
 garbage-first heap   total 69632K, used 38127K [0x0000000703200000, 0x0000000800000000)
  region size 2048K, 2 young (4096K), 2 survivors (4096K)
 Metaspace       used 51181K, committed 51456K, reserved 1097728K
  class space    used 6053K, committed 6144K, reserved 1048576K
}
Event: 9.186 GC heap before
{Heap before GC invocations=19 (full 0):
 garbage-first heap   total 71680K, used 50415K [0x0000000703200000, 0x0000000800000000)
  region size 2048K, 9 young (18432K), 2 survivors (4096K)
 Metaspace       used 54529K, committed 54848K, reserved 1097728K
  class space    used 6208K, committed 6400K, reserved 1048576K
}
Event: 9.192 GC heap after
{Heap after GC invocations=20 (full 0):
 garbage-first heap   total 71680K, used 37581K [0x0000000703200000, 0x0000000800000000)
  region size 2048K, 1 young (2048K), 1 survivors (2048K)
 Metaspace       used 54529K, committed 54848K, reserved 1097728K
  class space    used 6208K, committed 6400K, reserved 1048576K
}
Event: 9.546 GC heap before
{Heap before GC invocations=20 (full 0):
 garbage-first heap   total 71680K, used 49869K [0x0000000703200000, 0x0000000800000000)
  region size 2048K, 9 young (18432K), 1 survivors (2048K)
 Metaspace       used 55484K, committed 55808K, reserved 1105920K
  class space    used 6338K, committed 6528K, reserved 1048576K
}
Event: 9.547 GC heap after
{Heap after GC invocations=21 (full 0):
 garbage-first heap   total 71680K, used 38874K [0x0000000703200000, 0x0000000800000000)
  region size 2048K, 2 young (4096K), 2 survivors (4096K)
 Metaspace       used 55484K, committed 55808K, reserved 1105920K
  class space    used 6338K, committed 6528K, reserved 1048576K
}
Event: 9.646 GC heap before
{Heap before GC invocations=22 (full 0):
 garbage-first heap   total 81920K, used 47066K [0x0000000703200000, 0x0000000800000000)
  region size 2048K, 4 young (8192K), 2 survivors (4096K)
 Metaspace       used 56060K, committed 56320K, reserved 1105920K
  class space    used 6374K, committed 6528K, reserved 1048576K
}
Event: 9.648 GC heap after
{Heap after GC invocations=23 (full 0):
 garbage-first heap   total 81920K, used 45120K [0x0000000703200000, 0x0000000800000000)
  region size 2048K, 1 young (2048K), 1 survivors (2048K)
 Metaspace       used 56060K, committed 56320K, reserved 1105920K
  class space    used 6374K, committed 6528K, reserved 1048576K
}
Event: 9.687 GC heap before
{Heap before GC invocations=24 (full 0):
 garbage-first heap   total 90112K, used 49216K [0x0000000703200000, 0x0000000800000000)
  region size 2048K, 2 young (4096K), 1 survivors (2048K)
 Metaspace       used 56118K, committed 56384K, reserved 1105920K
  class space    used 6375K, committed 6528K, reserved 1048576K
}
Event: 9.688 GC heap after
{Heap after GC invocations=25 (full 0):
 garbage-first heap   total 108544K, used 49185K [0x0000000703200000, 0x0000000800000000)
  region size 2048K, 1 young (2048K), 1 survivors (2048K)
 Metaspace       used 56118K, committed 56384K, reserved 1105920K
  class space    used 6375K, committed 6528K, reserved 1048576K
}
Event: 1345.320 GC heap before
{Heap before GC invocations=26 (full 0):
 garbage-first heap   total 108544K, used 55329K [0x0000000703200000, 0x0000000800000000)
  region size 2048K, 3 young (6144K), 1 survivors (2048K)
 Metaspace       used 56225K, committed 56512K, reserved 1105920K
  class space    used 6379K, committed 6528K, reserved 1048576K
}
Event: 1345.323 GC heap after
{Heap after GC invocations=27 (full 0):
 garbage-first heap   total 108544K, used 53260K [0x0000000703200000, 0x0000000800000000)
  region size 2048K, 1 young (2048K), 1 survivors (2048K)
 Metaspace       used 56225K, committed 56512K, reserved 1105920K
  class space    used 6379K, committed 6528K, reserved 1048576K
}
Event: 1346.862 GC heap before
{Heap before GC invocations=28 (full 0):
 garbage-first heap   total 108544K, used 53260K [0x0000000703200000, 0x0000000800000000)
  region size 2048K, 2 young (4096K), 1 survivors (2048K)
 Metaspace       used 56288K, committed 56576K, reserved 1105920K
  class space    used 6379K, committed 6528K, reserved 1048576K
}
Event: 1346.864 GC heap after
{Heap after GC invocations=29 (full 0):
 garbage-first heap   total 108544K, used 49342K [0x0000000703200000, 0x0000000800000000)
  region size 2048K, 2 young (4096K), 2 survivors (4096K)
 Metaspace       used 56288K, committed 56576K, reserved 1105920K
  class space    used 6379K, committed 6528K, reserved 1048576K
}
Event: 2788.537 GC heap before
{Heap before GC invocations=30 (full 0):
 garbage-first heap   total 108544K, used 57534K [0x0000000703200000, 0x0000000800000000)
  region size 2048K, 3 young (6144K), 2 survivors (4096K)
 Metaspace       used 56355K, committed 56640K, reserved 1105920K
  class space    used 6379K, committed 6528K, reserved 1048576K
}
Event: 2788.541 GC heap after
{Heap after GC invocations=31 (full 0):
 garbage-first heap   total 108544K, used 49468K [0x0000000703200000, 0x0000000800000000)
  region size 2048K, 2 young (4096K), 2 survivors (4096K)
 Metaspace       used 56355K, committed 56640K, reserved 1105920K
  class space    used 6379K, committed 6528K, reserved 1048576K
}
Event: 2788.641 GC heap before
{Heap before GC invocations=32 (full 0):
 garbage-first heap   total 108544K, used 51516K [0x0000000703200000, 0x0000000800000000)
  region size 2048K, 3 young (6144K), 2 survivors (4096K)
 Metaspace       used 56362K, committed 56640K, reserved 1105920K
  class space    used 6379K, committed 6528K, reserved 1048576K
}
Event: 2788.643 GC heap after
{Heap after GC invocations=33 (full 0):
 garbage-first heap   total 108544K, used 51515K [0x0000000703200000, 0x0000000800000000)
  region size 2048K, 2 young (4096K), 2 survivors (4096K)
 Metaspace       used 56362K, committed 56640K, reserved 1105920K
  class space    used 6379K, committed 6528K, reserved 1048576K
}

