# JRE version: OpenJDK Runtime Environment Temurin-17.0.3+7 (17.0.3+7) (build 17.0.3+7)
# Java VM: OpenJDK 64-Bit Server VM Temurin-17.0.3+7 (17.0.3+7, mixed mode, tiered, compressed oops, compressed class ptrs, g1 gc, windows-amd64)
GC Precious Log:
 CPUs: 8 total, 8 available
 Memory: 16183M
 Large Page Support: Disabled
 NUMA Support: Disabled
 Compressed Oops: Enabled (Zero based)
 Heap Region Size: 2M
 Heap Min Capacity: 8M
 Heap Initial Capacity: 254M
 Heap Max Capacity: 4046M
 Pre-touch: Disabled
 Parallel Workers: 8
 Concurrent Workers: 2
 Concurrent Refinement Workers: 8
 Periodic GC: Disabled
Heap:
 garbage-first heap   total 112640K, used 64626K [0x0000000703200000, 0x0000000800000000)
  region size 2048K, 2 young (4096K), 1 survivors (2048K)
 Metaspace       used 57033K, committed 57408K, reserved 1105920K
  class space    used 6429K, committed 6592K, reserved 1048576K
GC Heap History (20 events):
Event: 7.830 GC heap before
{Heap before GC invocations=15 (full 0):
 garbage-first heap   total 83968K, used 61535K [0x0000000703200000, 0x0000000800000000)
  region size 2048K, 15 young (30720K), 2 survivors (4096K)
 Metaspace       used 54752K, committed 55104K, reserved 1097728K
  class space    used 6221K, committed 6400K, reserved 1048576K
}
Event: 7.837 GC heap after
{Heap after GC invocations=16 (full 0):
 garbage-first heap   total 83968K, used 38526K [0x0000000703200000, 0x0000000800000000)
  region size 2048K, 2 young (4096K), 2 survivors (4096K)
 Metaspace       used 54752K, committed 55104K, reserved 1097728K
  class space    used 6221K, committed 6400K, reserved 1048576K
}
Event: 8.169 GC heap before
{Heap before GC invocations=16 (full 0):
 garbage-first heap   total 83968K, used 50814K [0x0000000703200000, 0x0000000800000000)
  region size 2048K, 9 young (18432K), 2 survivors (4096K)
 Metaspace       used 55610K, committed 55936K, reserved 1105920K
  class space    used 6340K, committed 6528K, reserved 1048576K
}
Event: 8.170 GC heap after
{Heap after GC invocations=17 (full 0):
 garbage-first heap   total 83968K, used 39310K [0x0000000703200000, 0x0000000800000000)
  region size 2048K, 2 young (4096K), 2 survivors (4096K)
 Metaspace       used 55610K, committed 55936K, reserved 1105920K
  class space    used 6340K, committed 6528K, reserved 1048576K
}
Event: 8.254 GC heap before
{Heap before GC invocations=17 (full 0):
 garbage-first heap   total 83968K, used 47502K [0x0000000703200000, 0x0000000800000000)
  region size 2048K, 4 young (8192K), 2 survivors (4096K)
 Metaspace       used 56206K, committed 56512K, reserved 1105920K
  class space    used 6376K, committed 6528K, reserved 1048576K
}
Event: 8.256 GC heap after
{Heap after GC invocations=18 (full 0):
 garbage-first heap   total 83968K, used 45484K [0x0000000703200000, 0x0000000800000000)
  region size 2048K, 1 young (2048K), 1 survivors (2048K)
 Metaspace       used 56206K, committed 56512K, reserved 1105920K
  class space    used 6376K, committed 6528K, reserved 1048576K
}
Event: 8.293 GC heap before
{Heap before GC invocations=19 (full 0):
 garbage-first heap   total 90112K, used 49580K [0x0000000703200000, 0x0000000800000000)
  region size 2048K, 2 young (4096K), 1 survivors (2048K)
 Metaspace       used 56258K, committed 56576K, reserved 1105920K
  class space    used 6377K, committed 6528K, reserved 1048576K
}
Event: 8.294 GC heap after
{Heap after GC invocations=20 (full 0):
 garbage-first heap   total 90112K, used 49527K [0x0000000703200000, 0x0000000800000000)
  region size 2048K, 1 young (2048K), 1 survivors (2048K)
 Metaspace       used 56258K, committed 56576K, reserved 1105920K
  class space    used 6377K, committed 6528K, reserved 1048576K
}
Event: 11735.782 GC heap before
{Heap before GC invocations=21 (full 0):
 garbage-first heap   total 96256K, used 61815K [0x0000000703200000, 0x0000000800000000)
  region size 2048K, 6 young (12288K), 1 survivors (2048K)
 Metaspace       used 56972K, committed 57280K, reserved 1105920K
  class space    used 6447K, committed 6592K, reserved 1048576K
}
Event: 11735.785 GC heap after
{Heap after GC invocations=22 (full 0):
 garbage-first heap   total 96256K, used 53679K [0x0000000703200000, 0x0000000800000000)
  region size 2048K, 1 young (2048K), 1 survivors (2048K)
 Metaspace       used 56972K, committed 57280K, reserved 1105920K
  class space    used 6447K, committed 6592K, reserved 1048576K
}
Event: 11736.879 GC heap before
{Heap before GC invocations=23 (full 0):
 garbage-first heap   total 96256K, used 53679K [0x0000000703200000, 0x0000000800000000)
  region size 2048K, 2 young (4096K), 1 survivors (2048K)
 Metaspace       used 56901K, committed 57280K, reserved 1105920K
  class space    used 6428K, committed 6592K, reserved 1048576K
}
Event: 11736.884 GC heap after
{Heap after GC invocations=24 (full 0):
 garbage-first heap   total 96256K, used 49777K [0x0000000703200000, 0x0000000800000000)
  region size 2048K, 1 young (2048K), 1 survivors (2048K)
 Metaspace       used 56901K, committed 57280K, reserved 1105920K
  class space    used 6428K, committed 6592K, reserved 1048576K
}
Event: 11737.351 GC heap before
{Heap before GC invocations=25 (full 0):
 garbage-first heap   total 102400K, used 57969K [0x0000000703200000, 0x0000000800000000)
  region size 2048K, 2 young (4096K), 1 survivors (2048K)
 Metaspace       used 56922K, committed 57280K, reserved 1105920K
  class space    used 6428K, committed 6592K, reserved 1048576K
}
Event: 11737.353 GC heap after
{Heap after GC invocations=26 (full 0):
 garbage-first heap   total 102400K, used 49772K [0x0000000703200000, 0x0000000800000000)
  region size 2048K, 1 young (2048K), 1 survivors (2048K)
 Metaspace       used 56922K, committed 57280K, reserved 1105920K
  class space    used 6428K, committed 6592K, reserved 1048576K
}
Event: 11738.738 GC heap before
{Heap before GC invocations=27 (full 0):
 garbage-first heap   total 102400K, used 57964K [0x0000000703200000, 0x0000000800000000)
  region size 2048K, 2 young (4096K), 1 survivors (2048K)
 Metaspace       used 56977K, committed 57344K, reserved 1105920K
  class space    used 6428K, committed 6592K, reserved 1048576K
}
Event: 11738.741 GC heap after
{Heap after GC invocations=28 (full 0):
 garbage-first heap   total 102400K, used 49986K [0x0000000703200000, 0x0000000800000000)
  region size 2048K, 1 young (2048K), 1 survivors (2048K)
 Metaspace       used 56977K, committed 57344K, reserved 1105920K
  class space    used 6428K, committed 6592K, reserved 1048576K
}
Event: 11742.003 GC heap before
{Heap before GC invocations=29 (full 0):
 garbage-first heap   total 102400K, used 56130K [0x0000000703200000, 0x0000000800000000)
  region size 2048K, 2 young (4096K), 1 survivors (2048K)
 Metaspace       used 57014K, committed 57344K, reserved 1105920K
  class space    used 6429K, committed 6592K, reserved 1048576K
}
Event: 11742.005 GC heap after
{Heap after GC invocations=30 (full 0):
 garbage-first heap   total 102400K, used 56432K [0x0000000703200000, 0x0000000800000000)
  region size 2048K, 1 young (2048K), 1 survivors (2048K)
 Metaspace       used 57014K, committed 57344K, reserved 1105920K
  class space    used 6429K, committed 6592K, reserved 1048576K
}
Event: 11742.164 GC heap before
{Heap before GC invocations=31 (full 0):
 garbage-first heap   total 102400K, used 58480K [0x0000000703200000, 0x0000000800000000)
  region size 2048K, 2 young (4096K), 1 survivors (2048K)
 Metaspace       used 57032K, committed 57408K, reserved 1105920K
  class space    used 6429K, committed 6592K, reserved 1048576K
}
Event: 11742.166 GC heap after
{Heap after GC invocations=32 (full 0):
 garbage-first heap   total 102400K, used 58482K [0x0000000703200000, 0x0000000800000000)
  region size 2048K, 1 young (2048K), 1 survivors (2048K)
 Metaspace       used 57032K, committed 57408K, reserved 1105920K
  class space    used 6429K, committed 6592K, reserved 1048576K
}

