# JRE version: OpenJDK Runtime Environment Temurin-17.0.3+7 (17.0.3+7) (build 17.0.3+7)
# Java VM: OpenJDK 64-Bit Server VM Temurin-17.0.3+7 (17.0.3+7, mixed mode, tiered, compressed oops, compressed class ptrs, g1 gc, windows-amd64)
GC Precious Log:
 CPUs: 8 total, 8 available
 Memory: 16183M
 Large Page Support: Disabled
 NUMA Support: Disabled
 Compressed Oops: Enabled (Zero based)
 Heap Region Size: 2M
 Heap Min Capacity: 8M
 Heap Initial Capacity: 254M
 Heap Max Capacity: 4046M
 Pre-touch: Disabled
 Parallel Workers: 8
 Concurrent Workers: 2
 Concurrent Refinement Workers: 8
 Periodic GC: Disabled
Heap:
 garbage-first heap   total 114688K, used 59416K [0x0000000703200000, 0x0000000800000000)
  region size 2048K, 2 young (4096K), 1 survivors (2048K)
 Metaspace       used 55154K, committed 55488K, reserved 1097728K
  class space    used 6240K, committed 6400K, reserved 1048576K
GC Heap History (20 events):
Event: 99.041 GC heap before
{Heap before GC invocations=11 (full 0):
 garbage-first heap   total 65536K, used 43498K [0x0000000703200000, 0x0000000800000000)
  region size 2048K, 11 young (22528K), 1 survivors (2048K)
 Metaspace       used 46098K, committed 46400K, reserved 1089536K
  class space    used 5544K, committed 5696K, reserved 1048576K
}
Event: 99.043 GC heap after
{Heap after GC invocations=12 (full 0):
 garbage-first heap   total 65536K, used 25817K [0x0000000703200000, 0x0000000800000000)
  region size 2048K, 2 young (4096K), 2 survivors (4096K)
 Metaspace       used 46098K, committed 46400K, reserved 1089536K
  class space    used 5544K, committed 5696K, reserved 1048576K
}
Event: 99.068 GC heap before
{Heap before GC invocations=12 (full 0):
 garbage-first heap   total 65536K, used 34009K [0x0000000703200000, 0x0000000800000000)
  region size 2048K, 3 young (6144K), 2 survivors (4096K)
 Metaspace       used 46225K, committed 46528K, reserved 1089536K
  class space    used 5554K, committed 5696K, reserved 1048576K
}
Event: 99.069 GC heap after
{Heap after GC invocations=13 (full 0):
 garbage-first heap   total 65536K, used 34192K [0x0000000703200000, 0x0000000800000000)
  region size 2048K, 1 young (2048K), 1 survivors (2048K)
 Metaspace       used 46225K, committed 46528K, reserved 1089536K
  class space    used 5554K, committed 5696K, reserved 1048576K
}
Event: 181.973 GC heap before
{Heap before GC invocations=14 (full 0):
 garbage-first heap   total 69632K, used 48528K [0x0000000703200000, 0x0000000800000000)
  region size 2048K, 8 young (16384K), 1 survivors (2048K)
 Metaspace       used 48762K, committed 49088K, reserved 1097728K
  class space    used 5811K, committed 5952K, reserved 1048576K
}
Event: 181.975 GC heap after
{Heap after GC invocations=15 (full 0):
 garbage-first heap   total 69632K, used 37347K [0x0000000703200000, 0x0000000800000000)
  region size 2048K, 1 young (2048K), 1 survivors (2048K)
 Metaspace       used 48762K, committed 49088K, reserved 1097728K
  class space    used 5811K, committed 5952K, reserved 1048576K
}
Event: 182.448 GC heap before
{Heap before GC invocations=15 (full 0):
 garbage-first heap   total 69632K, used 49635K [0x0000000703200000, 0x0000000800000000)
  region size 2048K, 8 young (16384K), 1 survivors (2048K)
 Metaspace       used 52286K, committed 52544K, reserved 1097728K
  class space    used 5963K, committed 6080K, reserved 1048576K
}
Event: 182.452 GC heap after
{Heap after GC invocations=16 (full 0):
 garbage-first heap   total 69632K, used 37826K [0x0000000703200000, 0x0000000800000000)
  region size 2048K, 1 young (2048K), 1 survivors (2048K)
 Metaspace       used 52286K, committed 52544K, reserved 1097728K
  class space    used 5963K, committed 6080K, reserved 1048576K
}
Event: 183.482 GC heap before
{Heap before GC invocations=17 (full 0):
 garbage-first heap   total 69632K, used 54210K [0x0000000703200000, 0x0000000800000000)
  region size 2048K, 9 young (18432K), 1 survivors (2048K)
 Metaspace       used 53080K, committed 53376K, reserved 1097728K
  class space    used 6078K, committed 6208K, reserved 1048576K
}
Event: 183.484 GC heap after
{Heap after GC invocations=18 (full 0):
 garbage-first heap   total 69632K, used 39046K [0x0000000703200000, 0x0000000800000000)
  region size 2048K, 2 young (4096K), 2 survivors (4096K)
 Metaspace       used 53080K, committed 53376K, reserved 1097728K
  class space    used 6078K, committed 6208K, reserved 1048576K
}
Event: 183.510 GC heap before
{Heap before GC invocations=18 (full 0):
 garbage-first heap   total 69632K, used 41094K [0x0000000703200000, 0x0000000800000000)
  region size 2048K, 3 young (6144K), 2 survivors (4096K)
 Metaspace       used 53436K, committed 53696K, reserved 1097728K
  class space    used 6118K, committed 6208K, reserved 1048576K
}
Event: 183.513 GC heap after
{Heap after GC invocations=19 (full 0):
 garbage-first heap   total 69632K, used 38936K [0x0000000703200000, 0x0000000800000000)
  region size 2048K, 1 young (2048K), 1 survivors (2048K)
 Metaspace       used 53436K, committed 53696K, reserved 1097728K
  class space    used 6118K, committed 6208K, reserved 1048576K
}
Event: 183.787 GC heap before
{Heap before GC invocations=19 (full 0):
 garbage-first heap   total 69632K, used 40984K [0x0000000703200000, 0x0000000800000000)
  region size 2048K, 4 young (8192K), 1 survivors (2048K)
 Metaspace       used 54241K, committed 54464K, reserved 1097728K
  class space    used 6184K, committed 6272K, reserved 1048576K
}
Event: 183.788 GC heap after
{Heap after GC invocations=20 (full 0):
 garbage-first heap   total 69632K, used 38804K [0x0000000703200000, 0x0000000800000000)
  region size 2048K, 1 young (2048K), 1 survivors (2048K)
 Metaspace       used 54241K, committed 54464K, reserved 1097728K
  class space    used 6184K, committed 6272K, reserved 1048576K
}
Event: 183.830 GC heap before
{Heap before GC invocations=21 (full 0):
 garbage-first heap   total 79872K, used 42900K [0x0000000703200000, 0x0000000800000000)
  region size 2048K, 2 young (4096K), 1 survivors (2048K)
 Metaspace       used 54334K, committed 54592K, reserved 1097728K
  class space    used 6186K, committed 6336K, reserved 1048576K
}
Event: 183.831 GC heap after
{Heap after GC invocations=22 (full 0):
 garbage-first heap   total 114688K, used 42874K [0x0000000703200000, 0x0000000800000000)
  region size 2048K, 1 young (2048K), 1 survivors (2048K)
 Metaspace       used 54334K, committed 54592K, reserved 1097728K
  class space    used 6186K, committed 6336K, reserved 1048576K
}
Event: 14419.437 GC heap before
{Heap before GC invocations=22 (full 0):
 garbage-first heap   total 114688K, used 61306K [0x0000000703200000, 0x0000000800000000)
  region size 2048K, 9 young (18432K), 1 survivors (2048K)
 Metaspace       used 55089K, committed 55424K, reserved 1097728K
  class space    used 6240K, committed 6400K, reserved 1048576K
}
Event: 14419.439 GC heap after
{Heap after GC invocations=23 (full 0):
 garbage-first heap   total 114688K, used 47131K [0x0000000703200000, 0x0000000800000000)
  region size 2048K, 1 young (2048K), 1 survivors (2048K)
 Metaspace       used 55089K, committed 55424K, reserved 1097728K
  class space    used 6240K, committed 6400K, reserved 1048576K
}
Event: 14419.601 GC heap before
{Heap before GC invocations=23 (full 0):
 garbage-first heap   total 114688K, used 55323K [0x0000000703200000, 0x0000000800000000)
  region size 2048K, 2 young (4096K), 1 survivors (2048K)
 Metaspace       used 55099K, committed 55424K, reserved 1097728K
  class space    used 6240K, committed 6400K, reserved 1048576K
}
Event: 14419.603 GC heap after
{Heap after GC invocations=24 (full 0):
 garbage-first heap   total 114688K, used 51224K [0x0000000703200000, 0x0000000800000000)
  region size 2048K, 1 young (2048K), 1 survivors (2048K)
 Metaspace       used 55099K, committed 55424K, reserved 1097728K
  class space    used 6240K, committed 6400K, reserved 1048576K
}

